[  NORMAL ]  Importing materials data from Python...
[  NORMAL ]  Creating surfaces...
[  NORMAL ]  Creating cells...
[  NORMAL ]  Creating 5 x 5 core of 17 x 17 assemblies...
[  NORMAL ]  Creating geometry...
[  NORMAL ]  Number of flat source regions: 9248
[  NORMAL ]  Initializing the track generator...
[  NORMAL ]  Reading tracks in from file
[  NORMAL ]  Initializing track boundary conditions...
[  NORMAL ]  Converging the source...
[  NORMAL ]  Iteration 0: 	k_eff = 1.000000	res = 0.000E+00
[  NORMAL ]  Iteration 1: 	k_eff = 1.186543	res = 2.646E+00
[  NORMAL ]  Iteration 2: 	k_eff = 1.211512	res = 7.174E-01
[  NORMAL ]  Iteration 3: 	k_eff = 1.223337	res = 5.883E-01
[  NORMAL ]  Iteration 4: 	k_eff = 1.226530	res = 4.150E-01
[  NORMAL ]  Iteration 5: 	k_eff = 1.224842	res = 2.649E-01
[  NORMAL ]  Iteration 6: 	k_eff = 1.220593	res = 1.627E-01
[  NORMAL ]  Iteration 7: 	k_eff = 1.215213	res = 1.063E-01
[  NORMAL ]  Iteration 8: 	k_eff = 1.209578	res = 8.314E-02
[  NORMAL ]  Iteration 9: 	k_eff = 1.204204	res = 7.418E-02
[  NORMAL ]  Iteration 10: 	k_eff = 1.199373	res = 6.749E-02
[  NORMAL ]  Iteration 11: 	k_eff = 1.195204	res = 5.981E-02
[  NORMAL ]  Iteration 12: 	k_eff = 1.191718	res = 5.124E-02
[  NORMAL ]  Iteration 13: 	k_eff = 1.188871	res = 4.253E-02
[  NORMAL ]  Iteration 14: 	k_eff = 1.186589	res = 3.433E-02
[  NORMAL ]  Iteration 15: 	k_eff = 1.184782	res = 2.706E-02
[  NORMAL ]  Iteration 16: 	k_eff = 1.183362	res = 2.092E-02
[  NORMAL ]  Iteration 17: 	k_eff = 1.182246	res = 1.596E-02
[  NORMAL ]  Iteration 18: 	k_eff = 1.181362	res = 1.213E-02
[  NORMAL ]  Iteration 19: 	k_eff = 1.180652	res = 9.346E-03
[  NORMAL ]  Iteration 20: 	k_eff = 1.180068	res = 7.446E-03
[  NORMAL ]  Iteration 21: 	k_eff = 1.179573	res = 6.248E-03
