[  NORMAL ]  Importing materials data from Python...
[  NORMAL ]  Creating surfaces...
[  NORMAL ]  Creating cells...
[  NORMAL ]  Creating simple 4 x 4 lattice...
num_x = 4, num_y = 4
i = 0, j = 0, val = 1
i = 0, j = 1, val = 2
i = 0, j = 2, val = 1
i = 0, j = 3, val = 2
i = 1, j = 0, val = 2
i = 1, j = 1, val = 3
i = 1, j = 2, val = 2
i = 1, j = 3, val = 3
i = 2, j = 0, val = 1
i = 2, j = 1, val = 2
i = 2, j = 2, val = 1
i = 2, j = 3, val = 2
i = 3, j = 0, val = 2
i = 3, j = 1, val = 3
i = 3, j = 2, val = 2
i = 3, j = 3, val = 3
[  NORMAL ]  Creating geometry...
[  NORMAL ]  Number of flat source regions: 32
[  NORMAL ]  Initializing the track generator...
[  NORMAL ]  Computing azimuthal angles and track spacings...
[  NORMAL ]  Generating track start and end points...
[  NORMAL ]  Segmenting tracks...
[  NORMAL ]  Initializing track boundary conditions...
[  NORMAL ]  Converging the source...
[  NORMAL ]  Iteration 0: 	k_eff = 1.000000	res = 0.000E+00
[  NORMAL ]  Iteration 1: 	k_eff = 1.265639	res = 2.646E+00
[  NORMAL ]  Iteration 2: 	k_eff = 1.287863	res = 1.069E+00
[  NORMAL ]  Iteration 3: 	k_eff = 1.305643	res = 4.942E-01
[  NORMAL ]  Iteration 4: 	k_eff = 1.314397	res = 4.021E-01
[  NORMAL ]  Iteration 5: 	k_eff = 1.318167	res = 2.757E-01
[  NORMAL ]  Iteration 6: 	k_eff = 1.318466	res = 1.969E-01
[  NORMAL ]  Iteration 7: 	k_eff = 1.316525	res = 1.379E-01
[  NORMAL ]  Iteration 8: 	k_eff = 1.313187	res = 1.063E-01
[  NORMAL ]  Iteration 9: 	k_eff = 1.309074	res = 9.521E-02
[  NORMAL ]  Iteration 10: 	k_eff = 1.304641	res = 9.218E-02
[  NORMAL ]  Iteration 11: 	k_eff = 1.300217	res = 8.925E-02
[  NORMAL ]  Iteration 12: 	k_eff = 1.296028	res = 8.402E-02
[  NORMAL ]  Iteration 13: 	k_eff = 1.292217	res = 7.666E-02
[  NORMAL ]  Iteration 14: 	k_eff = 1.288863	res = 6.799E-02
[  NORMAL ]  Iteration 15: 	k_eff = 1.285996	res = 5.880E-02
[  NORMAL ]  Iteration 16: 	k_eff = 1.283609	res = 4.973E-02
[  NORMAL ]  Iteration 17: 	k_eff = 1.281672	res = 4.120E-02
[  NORMAL ]  Iteration 18: 	k_eff = 1.280140	res = 3.347E-02
[  NORMAL ]  Iteration 19: 	k_eff = 1.278961	res = 2.666E-02
[  NORMAL ]  Iteration 20: 	k_eff = 1.278079	res = 2.081E-02
[  NORMAL ]  Iteration 21: 	k_eff = 1.277442	res = 1.590E-02
[  NORMAL ]  Iteration 22: 	k_eff = 1.277003	res = 1.187E-02
[  NORMAL ]  Iteration 23: 	k_eff = 1.276717	res = 8.639E-03
[  NORMAL ]  Iteration 24: 	k_eff = 1.276549	res = 6.118E-03
[  NORMAL ]  Iteration 25: 	k_eff = 1.276467	res = 4.218E-03
[  NORMAL ]  Iteration 26: 	k_eff = 1.276447	res = 2.862E-03
[  NORMAL ]  Iteration 27: 	k_eff = 1.276468	res = 1.988E-03
[  NORMAL ]  Iteration 28: 	k_eff = 1.276514	res = 1.527E-03
[  NORMAL ]  Iteration 29: 	k_eff = 1.276576	res = 1.353E-03
[  NORMAL ]  Iteration 30: 	k_eff = 1.276643	res = 1.303E-03
[  NORMAL ]  Iteration 31: 	k_eff = 1.276711	res = 1.270E-03
[  NORMAL ]  Iteration 32: 	k_eff = 1.276775	res = 1.214E-03
[  NORMAL ]  Iteration 33: 	k_eff = 1.276833	res = 1.129E-03
[  NORMAL ]  Iteration 34: 	k_eff = 1.276884	res = 1.021E-03
[  NORMAL ]  Iteration 35: 	k_eff = 1.276927	res = 9.005E-04
[  NORMAL ]  Iteration 36: 	k_eff = 1.276963	res = 7.761E-04
[  NORMAL ]  Iteration 37: 	k_eff = 1.276992	res = 6.549E-04
[  NORMAL ]  Iteration 38: 	k_eff = 1.277015	res = 5.418E-04
[  NORMAL ]  Iteration 39: 	k_eff = 1.277032	res = 4.390E-04
[  NORMAL ]  Iteration 40: 	k_eff = 1.277045	res = 3.494E-04
[  NORMAL ]  Iteration 41: 	k_eff = 1.277054	res = 2.723E-04
[  NORMAL ]  Iteration 42: 	k_eff = 1.277060	res = 2.084E-04
[  NORMAL ]  Iteration 43: 	k_eff = 1.277064	res = 1.561E-04
[  NORMAL ]  Iteration 44: 	k_eff = 1.277066	res = 1.145E-04
[  NORMAL ]  Iteration 45: 	k_eff = 1.277067	res = 8.237E-05
[  NORMAL ]  Iteration 46: 	k_eff = 1.277067	res = 5.850E-05
[  NORMAL ]  Iteration 47: 	k_eff = 1.277066	res = 4.158E-05
[  NORMAL ]  Iteration 48: 	k_eff = 1.277065	res = 3.085E-05
[  NORMAL ]  Iteration 49: 	k_eff = 1.277064	res = 2.450E-05
[  NORMAL ]  Iteration 50: 	k_eff = 1.277062	res = 2.112E-05
[  NORMAL ]  Iteration 51: 	k_eff = 1.277061	res = 1.920E-05
[  NORMAL ]  Iteration 52: 	k_eff = 1.277060	res = 1.779E-05
[  NORMAL ]  Iteration 53: 	k_eff = 1.277059	res = 1.637E-05
[  NORMAL ]  Iteration 54: 	k_eff = 1.277058	res = 1.459E-05
[  NORMAL ]  Iteration 55: 	k_eff = 1.277057	res = 1.289E-05
[  NORMAL ]  Iteration 56: 	k_eff = 1.277056	res = 1.139E-05
[  TITLE  ]  *******************************************************************
[  TITLE  ]                             TIMING REPORT                           
[  TITLE  ]  *******************************************************************
[  RESULT ]  Total time to solution...............................0.0000E+00 sec
[  RESULT ]  Solution time per unknown............................0.0000E+00 sec
[  RESULT ]  Solution time per iteration..........................0.0000E+00 sec
[  RESULT ]  Integration time per track segment...................0.0000E+00 sec
[SEPARATOR]  *******************************************************************
[  TITLE  ]  *******************************************************************
[  TITLE  ]                               Finished                             
[  TITLE  ]  *******************************************************************
