Current local time and date: Wed Jul 24 22:59:31 2013
[  NORMAL ]  Importing materials data from HDF5...
[  NORMAL ]  Creating surfaces...
[  NORMAL ]  Creating cells...
[  NORMAL ]  Creating simple 4 x 4 lattice...
[  NORMAL ]  Creating geometry...
[  NORMAL ]  Number of flat source regions: 32
[  NORMAL ]  Initializing the track generator...
[  NORMAL ]  Computing azimuthal angles and track spacings...
[  NORMAL ]  Generating track start and end points...
[  NORMAL ]  Segmenting tracks...
[  NORMAL ]  Initializing track boundary conditions...
[  NORMAL ]  Converging the source...
[  NORMAL ]  Iteration 0: 	k_eff = 1.000000	res = 0.000E+00
[  NORMAL ]  Iteration 1: 	k_eff = 1.270088	res = 2.646E+00
[  NORMAL ]  Iteration 2: 	k_eff = 1.290542	res = 1.252E+00
[  NORMAL ]  Iteration 3: 	k_eff = 1.309197	res = 5.188E-01
[  NORMAL ]  Iteration 4: 	k_eff = 1.318421	res = 4.091E-01
[  NORMAL ]  Iteration 5: 	k_eff = 1.322784	res = 2.801E-01
[  NORMAL ]  Iteration 6: 	k_eff = 1.323577	res = 2.034E-01
[  NORMAL ]  Iteration 7: 	k_eff = 1.322041	res = 1.435E-01
[  NORMAL ]  Iteration 8: 	k_eff = 1.318995	res = 1.097E-01
[  NORMAL ]  Iteration 9: 	k_eff = 1.315060	res = 9.675E-02
[  NORMAL ]  Iteration 10: 	k_eff = 1.310700	res = 9.344E-02
[  NORMAL ]  Iteration 11: 	k_eff = 1.306256	res = 9.115E-02
[  NORMAL ]  Iteration 12: 	k_eff = 1.301973	res = 8.674E-02
[  NORMAL ]  Iteration 13: 	k_eff = 1.298015	res = 8.005E-02
[  NORMAL ]  Iteration 14: 	k_eff = 1.294480	res = 7.179E-02
[  NORMAL ]  Iteration 15: 	k_eff = 1.291412	res = 6.278E-02
[  NORMAL ]  Iteration 16: 	k_eff = 1.288822	res = 5.369E-02
[  NORMAL ]  Iteration 17: 	k_eff = 1.286688	res = 4.498E-02
[  NORMAL ]  Iteration 18: 	k_eff = 1.284975	res = 3.696E-02
[  NORMAL ]  Iteration 19: 	k_eff = 1.283633	res = 2.980E-02
[  NORMAL ]  Iteration 20: 	k_eff = 1.282611	res = 2.356E-02
[  NORMAL ]  Iteration 21: 	k_eff = 1.281858	res = 1.826E-02
[  NORMAL ]  Iteration 22: 	k_eff = 1.281324	res = 1.384E-02
[  NORMAL ]  Iteration 23: 	k_eff = 1.280965	res = 1.025E-02
[  NORMAL ]  Iteration 24: 	k_eff = 1.280741	res = 7.394E-03
[  NORMAL ]  Iteration 25: 	k_eff = 1.280619	res = 5.192E-03
[  NORMAL ]  Iteration 26: 	k_eff = 1.280572	res = 3.566E-03
[  NORMAL ]  Iteration 27: 	k_eff = 1.280576	res = 2.451E-03
[  NORMAL ]  Iteration 28: 	k_eff = 1.280616	res = 1.790E-03
[  NORMAL ]  Iteration 29: 	k_eff = 1.280676	res = 1.492E-03
[  NORMAL ]  Iteration 30: 	k_eff = 1.280746	res = 1.399E-03
[  NORMAL ]  Iteration 31: 	k_eff = 1.280820	res = 1.368E-03
[  NORMAL ]  Iteration 32: 	k_eff = 1.280892	res = 1.327E-03
[  NORMAL ]  Iteration 33: 	k_eff = 1.280959	res = 1.257E-03
[  NORMAL ]  Iteration 34: 	k_eff = 1.281020	res = 1.157E-03
[  NORMAL ]  Iteration 35: 	k_eff = 1.281072	res = 1.039E-03
[  NORMAL ]  Iteration 36: 	k_eff = 1.281116	res = 9.105E-04
[  NORMAL ]  Iteration 37: 	k_eff = 1.281153	res = 7.806E-04
[  NORMAL ]  Iteration 38: 	k_eff = 1.281182	res = 6.558E-04
[  NORMAL ]  Iteration 39: 	k_eff = 1.281206	res = 5.401E-04
[  NORMAL ]  Iteration 40: 	k_eff = 1.281223	res = 4.364E-04
[  NORMAL ]  Iteration 41: 	k_eff = 1.281236	res = 3.455E-04
[  NORMAL ]  Iteration 42: 	k_eff = 1.281246	res = 2.684E-04
[  NORMAL ]  Iteration 43: 	k_eff = 1.281252	res = 2.042E-04
[  NORMAL ]  Iteration 44: 	k_eff = 1.281256	res = 1.516E-04
[  NORMAL ]  Iteration 45: 	k_eff = 1.281258	res = 1.102E-04
[  NORMAL ]  Iteration 46: 	k_eff = 1.281259	res = 7.819E-05
[  NORMAL ]  Iteration 47: 	k_eff = 1.281259	res = 5.479E-05
[  NORMAL ]  Iteration 48: 	k_eff = 1.281258	res = 3.870E-05
[  NORMAL ]  Iteration 49: 	k_eff = 1.281257	res = 2.876E-05
[  NORMAL ]  Iteration 50: 	k_eff = 1.281255	res = 2.373E-05
[  NORMAL ]  Iteration 51: 	k_eff = 1.281254	res = 2.145E-05
[  NORMAL ]  Iteration 52: 	k_eff = 1.281253	res = 2.014E-05
[  NORMAL ]  Iteration 53: 	k_eff = 1.281251	res = 1.895E-05
[  NORMAL ]  Iteration 54: 	k_eff = 1.281250	res = 1.743E-05
[  NORMAL ]  Iteration 55: 	k_eff = 1.281249	res = 1.616E-05
[  NORMAL ]  Iteration 56: 	k_eff = 1.281248	res = 1.401E-05
[  NORMAL ]  Iteration 57: 	k_eff = 1.281247	res = 1.196E-05
[  NORMAL ]  Iteration 58: 	k_eff = 1.281247	res = 1.056E-05
[  TITLE  ]  *******************************************************************
[  TITLE  ]                             TIMING REPORT                           
[  TITLE  ]  *******************************************************************
[  RESULT ]  Total time to solution...............................2.7050E-02 sec
[  RESULT ]  Solution time per unknown............................1.2076E-04 sec
[  RESULT ]  Solution time per iteration..........................4.5847E-04 sec
[  RESULT ]  Integration time per track segment...................5.3560E-07 sec
[SEPARATOR]  -------------------------------------------------------------------
[  RESULT ]             # tracks          # segments          # FSRs
[SEPARATOR]  -------------------------------------------------------------------
[  RESULT ]                 116               856               32               
[SEPARATOR]  -------------------------------------------------------------------
[  NORMAL ]  Plotting data...
[  TITLE  ]  *******************************************************************
[  TITLE  ]                               Finished                             
[  TITLE  ]  *******************************************************************
