[  NORMAL ]  Importing materials data from Python...
[  NORMAL ]  Creating surfaces...
[  NORMAL ]  Creating cells...
[  NORMAL ]  Creating 16 x 16 lattice...
num_x = 2, num_y = 2
i = 0, j = 0, val = 1
i = 0, j = 1, val = 2
i = 1, j = 0, val = 1
i = 1, j = 1, val = 3
num_x = 2, num_y = 2
i = 0, j = 0, val = 5
i = 0, j = 1, val = 5
i = 1, j = 0, val = 5
i = 1, j = 1, val = 5
[  NORMAL ]  Creating geometry...
[  NORMAL ]  Number of flat source regions: 32
[  NORMAL ]  Initializing the track generator...
[  NORMAL ]  Computing azimuthal angles and track spacings...
[  NORMAL ]  Generating track start and end points...
[  NORMAL ]  Segmenting tracks...
[  NORMAL ]  Initializing track boundary conditions...
[  NORMAL ]  Converging the source...
[  NORMAL ]  Iteration 0: 	k_eff = 1.000000	res = 0.000E+00
[  NORMAL ]  Iteration 1: 	k_eff = 1.326690	res = 2.646E+00
[  NORMAL ]  Iteration 2: 	k_eff = 1.350675	res = 9.611E-01
[  NORMAL ]  Iteration 3: 	k_eff = 1.369553	res = 4.780E-01
[  NORMAL ]  Iteration 4: 	k_eff = 1.378541	res = 3.794E-01
[  NORMAL ]  Iteration 5: 	k_eff = 1.381820	res = 2.675E-01
[  NORMAL ]  Iteration 6: 	k_eff = 1.380998	res = 1.974E-01
[  NORMAL ]  Iteration 7: 	k_eff = 1.377465	res = 1.467E-01
[  NORMAL ]  Iteration 8: 	k_eff = 1.372211	res = 1.211E-01
[  NORMAL ]  Iteration 9: 	k_eff = 1.366000	res = 1.127E-01
[  NORMAL ]  Iteration 10: 	k_eff = 1.359409	res = 1.098E-01
[  NORMAL ]  Iteration 11: 	k_eff = 1.352866	res = 1.060E-01
[  NORMAL ]  Iteration 12: 	k_eff = 1.346676	res = 9.940E-02
[  NORMAL ]  Iteration 13: 	k_eff = 1.341040	res = 9.052E-02
[  NORMAL ]  Iteration 14: 	k_eff = 1.336071	res = 8.026E-02
[  NORMAL ]  Iteration 15: 	k_eff = 1.331814	res = 6.950E-02
[  NORMAL ]  Iteration 16: 	k_eff = 1.328266	res = 5.889E-02
[  NORMAL ]  Iteration 17: 	k_eff = 1.325385	res = 4.891E-02
[  NORMAL ]  Iteration 18: 	k_eff = 1.323109	res = 3.983E-02
[  NORMAL ]  Iteration 19: 	k_eff = 1.321362	res = 3.181E-02
[  NORMAL ]  Iteration 20: 	k_eff = 1.320066	res = 2.489E-02
[  NORMAL ]  Iteration 21: 	k_eff = 1.319142	res = 1.906E-02
[  NORMAL ]  Iteration 22: 	k_eff = 1.318519	res = 1.427E-02
[  NORMAL ]  Iteration 23: 	k_eff = 1.318131	res = 1.041E-02
[  NORMAL ]  Iteration 24: 	k_eff = 1.317922	res = 7.408E-03
[  NORMAL ]  Iteration 25: 	k_eff = 1.317845	res = 5.163E-03
[  NORMAL ]  Iteration 26: 	k_eff = 1.317862	res = 3.600E-03
[  NORMAL ]  Iteration 27: 	k_eff = 1.317940	res = 2.648E-03
[  NORMAL ]  Iteration 28: 	k_eff = 1.318056	res = 2.190E-03
[  NORMAL ]  Iteration 29: 	k_eff = 1.318192	res = 2.029E-03
[  NORMAL ]  Iteration 30: 	k_eff = 1.318334	res = 1.973E-03
[  NORMAL ]  Iteration 31: 	k_eff = 1.318473	res = 1.913E-03
[  NORMAL ]  Iteration 32: 	k_eff = 1.318602	res = 1.816E-03
[  NORMAL ]  Iteration 33: 	k_eff = 1.318719	res = 1.679E-03
[  NORMAL ]  Iteration 34: 	k_eff = 1.318821	res = 1.514E-03
[  NORMAL ]  Iteration 35: 	k_eff = 1.318907	res = 1.333E-03
[  NORMAL ]  Iteration 36: 	k_eff = 1.318979	res = 1.148E-03
[  NORMAL ]  Iteration 37: 	k_eff = 1.319037	res = 9.681E-04
[  NORMAL ]  Iteration 38: 	k_eff = 1.319084	res = 8.001E-04
[  NORMAL ]  Iteration 39: 	k_eff = 1.319119	res = 6.485E-04
[  NORMAL ]  Iteration 40: 	k_eff = 1.319145	res = 5.145E-04
[  NORMAL ]  Iteration 41: 	k_eff = 1.319164	res = 4.001E-04
[  NORMAL ]  Iteration 42: 	k_eff = 1.319177	res = 3.042E-04
[  NORMAL ]  Iteration 43: 	k_eff = 1.319185	res = 2.259E-04
[  NORMAL ]  Iteration 44: 	k_eff = 1.319190	res = 1.640E-04
[  NORMAL ]  Iteration 45: 	k_eff = 1.319191	res = 1.159E-04
[  NORMAL ]  Iteration 46: 	k_eff = 1.319191	res = 8.115E-05
[  NORMAL ]  Iteration 47: 	k_eff = 1.319190	res = 5.791E-05
[  NORMAL ]  Iteration 48: 	k_eff = 1.319188	res = 4.449E-05
[  NORMAL ]  Iteration 49: 	k_eff = 1.319185	res = 3.863E-05
[  NORMAL ]  Iteration 50: 	k_eff = 1.319182	res = 3.591E-05
[  NORMAL ]  Iteration 51: 	k_eff = 1.319180	res = 3.453E-05
[  NORMAL ]  Iteration 52: 	k_eff = 1.319177	res = 3.265E-05
[  NORMAL ]  Iteration 53: 	k_eff = 1.319175	res = 3.045E-05
[  NORMAL ]  Iteration 54: 	k_eff = 1.319173	res = 2.753E-05
[  NORMAL ]  Iteration 55: 	k_eff = 1.319171	res = 2.435E-05
[  NORMAL ]  Iteration 56: 	k_eff = 1.319170	res = 2.090E-05
[  NORMAL ]  Iteration 57: 	k_eff = 1.319168	res = 1.783E-05
[  NORMAL ]  Iteration 58: 	k_eff = 1.319167	res = 1.454E-05
[  NORMAL ]  Iteration 59: 	k_eff = 1.319167	res = 1.209E-05
[  NORMAL ]  Iteration 60: 	k_eff = 1.319166	res = 9.300E-06
[  NORMAL ]  Iteration 61: 	k_eff = 1.319166	res = 7.410E-06
[  NORMAL ]  Iteration 62: 	k_eff = 1.319165	res = 5.304E-06
[  NORMAL ]  Iteration 63: 	k_eff = 1.319165	res = 4.049E-06
[  NORMAL ]  Iteration 64: 	k_eff = 1.319165	res = 3.124E-06
[  NORMAL ]  Iteration 65: 	k_eff = 1.319165	res = 2.037E-06
[  NORMAL ]  Iteration 66: 	k_eff = 1.319165	res = 1.558E-06
[  NORMAL ]  Iteration 67: 	k_eff = 1.319165	res = 1.249E-06
[  TITLE  ]  *******************************************************************
[  TITLE  ]                             TIMING REPORT                           
[  TITLE  ]  *******************************************************************
[  RESULT ]  Total time to solution...............................3.2002E+01 sec
[  RESULT ]  Solution time per unknown............................1.4287E-01 sec
[  RESULT ]  Solution time per iteration..........................4.7062E-01 sec
[  RESULT ]  Integration time per track segment...................1.4141E-04 sec
[SEPARATOR]  *******************************************************************
[  TITLE  ]  *******************************************************************
[  TITLE  ]                               Finished                             
[  TITLE  ]  *******************************************************************
