Current local time and date: Thu Jul 25 11:50:04 2013
[  NORMAL ]  Importing materials data from HDF5...
[  NORMAL ]  Creating surfaces...
[  NORMAL ]  Creating cells...
[  NORMAL ]  Creating 5 x 5 core of 17 x 17 assemblies...
[  NORMAL ]  Creating geometry...
[  NORMAL ]  Number of flat source regions: 9248
[  NORMAL ]  Initializing the track generator...
[  NORMAL ]  Computing azimuthal angles and track spacings...
[  NORMAL ]  Generating track start and end points...
[  NORMAL ]  Segmenting tracks...
[  NORMAL ]  Initializing track boundary conditions...
[  NORMAL ]  Converging the source...
[  NORMAL ]  Iteration 0: 	k_eff = 1.000000	res = 0.000E+00
[  NORMAL ]  Iteration 1: 	k_eff = 1.191524	res = 2.646E+00
[ WARNING ]  Unable to converge the source after 2 iterations
[  TITLE  ]  *******************************************************************
[  TITLE  ]                             TIMING REPORT                           
[  TITLE  ]  *******************************************************************
[  RESULT ]  Total time to solution...............................2.1472E-01 sec
[  RESULT ]  Solution time per unknown............................3.3169E-06 sec
[  RESULT ]  Solution time per iteration..........................1.0736E-01 sec
[  RESULT ]  Integration time per track segment...................4.6355E-07 sec
[SEPARATOR]  -------------------------------------------------------------------
[  RESULT ]             # tracks          # segments          # FSRs
[SEPARATOR]  -------------------------------------------------------------------
[  RESULT ]                1924              231608              9248              
[SEPARATOR]  -------------------------------------------------------------------
[  NORMAL ]  Plotting data...
[  TITLE  ]  *******************************************************************
[  TITLE  ]                               Finished                             
[  TITLE  ]  *******************************************************************
