[  NORMAL ]  Importing materials data from Python...
[  NORMAL ]  Creating surfaces...
[  NORMAL ]  Creating cells...
[  NORMAL ]  Creating simple 2 x 2 lattice...
num_x = 2, num_y = 2
i = 0, j = 0, val = 1
i = 0, j = 1, val = 1
i = 1, j = 0, val = 1
i = 1, j = 1, val = 1
[  NORMAL ]  Creating geometry...
[  NORMAL ]  Number of flat source regions: 8
[  NORMAL ]  Initializing the track generator...
[  NORMAL ]  Computing azimuthal angles and track spacings...
[  NORMAL ]  Generating track start and end points...
[  NORMAL ]  Segmenting tracks...
[  NORMAL ]  Initializing track boundary conditions...
[  NORMAL ]  Converging the source...
[  NORMAL ]  Iteration 0: 	k_eff = 1.000000	res = 0.000E+00
[  NORMAL ]  Iteration 1: 	k_eff = 1.423256	res = 2.646E+00
[  NORMAL ]  Iteration 2: 	k_eff = 1.445761	res = 6.513E-01
[  NORMAL ]  Iteration 3: 	k_eff = 1.467320	res = 4.370E-01
[  NORMAL ]  Iteration 4: 	k_eff = 1.478088	res = 3.265E-01
[  NORMAL ]  Iteration 5: 	k_eff = 1.481207	res = 2.551E-01
[  NORMAL ]  Iteration 6: 	k_eff = 1.478407	res = 2.071E-01
[  NORMAL ]  Iteration 7: 	k_eff = 1.471287	res = 1.729E-01
[  NORMAL ]  Iteration 8: 	k_eff = 1.461143	res = 1.547E-01
[  NORMAL ]  Iteration 9: 	k_eff = 1.449073	res = 1.475E-01
[  NORMAL ]  Iteration 10: 	k_eff = 1.435996	res = 1.442E-01
[  NORMAL ]  Iteration 11: 	k_eff = 1.422672	res = 1.399E-01
[  NORMAL ]  Iteration 12: 	k_eff = 1.409701	res = 1.329E-01
[  NORMAL ]  Iteration 13: 	k_eff = 1.397536	res = 1.232E-01
[  NORMAL ]  Iteration 14: 	k_eff = 1.386488	res = 1.115E-01
[  NORMAL ]  Iteration 15: 	k_eff = 1.376741	res = 9.875E-02
[  NORMAL ]  Iteration 16: 	k_eff = 1.368373	res = 8.570E-02
[  NORMAL ]  Iteration 17: 	k_eff = 1.361378	res = 7.296E-02
[  NORMAL ]  Iteration 18: 	k_eff = 1.355686	res = 6.098E-02
[  NORMAL ]  Iteration 19: 	k_eff = 1.351187	res = 5.004E-02
[  NORMAL ]  Iteration 20: 	k_eff = 1.347742	res = 4.030E-02
[  NORMAL ]  Iteration 21: 	k_eff = 1.345206	res = 3.184E-02
[  NORMAL ]  Iteration 22: 	k_eff = 1.343432	res = 2.467E-02
[  NORMAL ]  Iteration 23: 	k_eff = 1.342280	res = 1.872E-02
[  NORMAL ]  Iteration 24: 	k_eff = 1.341621	res = 1.395E-02
[  NORMAL ]  Iteration 25: 	k_eff = 1.341343	res = 1.026E-02
[  NORMAL ]  Iteration 26: 	k_eff = 1.341348	res = 7.574E-03
[  NORMAL ]  Iteration 27: 	k_eff = 1.341555	res = 5.812E-03
[  NORMAL ]  Iteration 28: 	k_eff = 1.341897	res = 4.824E-03
[  NORMAL ]  Iteration 29: 	k_eff = 1.342321	res = 4.370E-03
[  NORMAL ]  Iteration 30: 	k_eff = 1.342785	res = 4.177E-03
[  NORMAL ]  Iteration 31: 	k_eff = 1.343259	res = 4.047E-03
[  NORMAL ]  Iteration 32: 	k_eff = 1.343718	res = 3.890E-03
[  NORMAL ]  Iteration 33: 	k_eff = 1.344149	res = 3.671E-03
[  NORMAL ]  Iteration 34: 	k_eff = 1.344540	res = 3.399E-03
[  NORMAL ]  Iteration 35: 	k_eff = 1.344887	res = 3.082E-03
[  NORMAL ]  Iteration 36: 	k_eff = 1.345187	res = 2.741E-03
[  NORMAL ]  Iteration 37: 	k_eff = 1.345441	res = 2.395E-03
[  NORMAL ]  Iteration 38: 	k_eff = 1.345652	res = 2.054E-03
[  NORMAL ]  Iteration 39: 	k_eff = 1.345823	res = 1.731E-03
[  NORMAL ]  Iteration 40: 	k_eff = 1.345958	res = 1.433E-03
[  NORMAL ]  Iteration 41: 	k_eff = 1.346062	res = 1.165E-03
[  NORMAL ]  Iteration 42: 	k_eff = 1.346138	res = 9.300E-04
[  NORMAL ]  Iteration 43: 	k_eff = 1.346193	res = 7.258E-04
[  NORMAL ]  Iteration 44: 	k_eff = 1.346229	res = 5.575E-04
[  NORMAL ]  Iteration 45: 	k_eff = 1.346251	res = 4.187E-04
[  NORMAL ]  Iteration 46: 	k_eff = 1.346261	res = 3.099E-04
[  NORMAL ]  Iteration 47: 	k_eff = 1.346263	res = 2.289E-04
[  NORMAL ]  Iteration 48: 	k_eff = 1.346258	res = 1.743E-04
[  NORMAL ]  Iteration 49: 	k_eff = 1.346249	res = 1.416E-04
[  NORMAL ]  Iteration 50: 	k_eff = 1.346238	res = 1.262E-04
[  NORMAL ]  Iteration 51: 	k_eff = 1.346225	res = 1.195E-04
[  NORMAL ]  Iteration 52: 	k_eff = 1.346211	res = 1.160E-04
[  NORMAL ]  Iteration 53: 	k_eff = 1.346198	res = 1.119E-04
[  NORMAL ]  Iteration 54: 	k_eff = 1.346186	res = 1.064E-04
[  NORMAL ]  Iteration 55: 	k_eff = 1.346174	res = 9.846E-05
[  NORMAL ]  Iteration 56: 	k_eff = 1.346164	res = 8.992E-05
[  NORMAL ]  Iteration 57: 	k_eff = 1.346155	res = 8.107E-05
[  NORMAL ]  Iteration 58: 	k_eff = 1.346148	res = 7.097E-05
[  NORMAL ]  Iteration 59: 	k_eff = 1.346142	res = 6.102E-05
[  NORMAL ]  Iteration 60: 	k_eff = 1.346136	res = 5.144E-05
[  NORMAL ]  Iteration 61: 	k_eff = 1.346132	res = 4.267E-05
[  NORMAL ]  Iteration 62: 	k_eff = 1.346129	res = 3.503E-05
[  NORMAL ]  Iteration 63: 	k_eff = 1.346127	res = 2.836E-05
[  NORMAL ]  Iteration 64: 	k_eff = 1.346125	res = 2.197E-05
[  NORMAL ]  Iteration 65: 	k_eff = 1.346124	res = 1.682E-05
[  NORMAL ]  Iteration 66: 	k_eff = 1.346123	res = 1.276E-05
[  TITLE  ]  *******************************************************************
[  TITLE  ]                             TIMING REPORT                           
[  TITLE  ]  *******************************************************************
[  RESULT ]  Total time to solution...............................9.9804E-01 sec
[  RESULT ]  Solution time per unknown............................1.7822E-02 sec
[  RESULT ]  Solution time per iteration..........................1.4896E-02 sec
[  RESULT ]  Integration time per track segment...................4.0479E-06 sec
[SEPARATOR]  *******************************************************************
[  TITLE  ]  *******************************************************************
[  TITLE  ]                               Finished                             
[  TITLE  ]  *******************************************************************
